WARNING: A restricted method in java.lang.System has been called
WARNING: java.lang.System::load has been called by org.fusesource.jansi.internal.JansiLoader in an unnamed module (file:/C:/Program%20Files/NetBeans-20/netbeans/java/maven/lib/jansi-2.4.0.jar)
WARNING: Use --enable-native-access=ALL-UNNAMED to avoid a warning for callers in this module
WARNING: Restricted methods will be blocked in a future release unless native access is enabled

WARNING: A terminally deprecated method in sun.misc.Unsafe has been called
WARNING: sun.misc.Unsafe::objectFieldOffset has been called by com.google.common.util.concurrent.AbstractFuture$UnsafeAtomicHelper (file:/C:/Program%20Files/NetBeans-20/netbeans/java/maven/lib/guava-32.0.1-jre.jar)
WARNING: Please consider reporting this to the maintainers of class com.google.common.util.concurrent.AbstractFuture$UnsafeAtomicHelper
WARNING: sun.misc.Unsafe::objectFieldOffset will be removed in a future release
[ATLAS 2026-05-14T04:33:48.507238800Z] ATLAS iniciando...
[ATLAS 2026-05-14T04:33:48.604752500Z] TCP  escuchando en puerto 7002
[ATLAS 2026-05-14T04:33:48.606256800Z] HTTP escuchando en puerto 8080
[ATLAS 2026-05-14T04:33:48.611263Z] TcpServer ready on :7002
[ATLAS 2026-05-14T04:33:48.659180800Z] RestServer ready on :8080
[ATLAS 2026-05-14T04:34:13.089371300Z] TCP recv from /127.0.0.1:60484 : {"conclusion":"origen no natural conocido","confidence":0.93,"coordinates":{"declination":"+41° 51' 50.12\"","right_asce
[ATLAS 2026-05-14T04:34:13.108097200Z] Enriched: mission=VOY-IX-KEPLER442 priority=PRIORITY_MAX agency=NASA
[ATLAS 2026-05-14T04:34:13.138800200Z] GROUND responded HTTP 201
[ATLAS 2026-05-14T04:34:13.269938600Z] TCP recv from /127.0.0.1:60486 : {"conclusion":"origen no natural conocido","confidence":0.93,"coordinates":{"declination":"+41° 51' 50.12\"","right_asce
[ATLAS 2026-05-14T04:34:13.270938200Z] Enriched: mission=VOY-IX-KEPLER442 priority=PRIORITY_MAX agency=NASA
[ATLAS 2026-05-14T04:34:13.287067500Z] GROUND responded HTTP 201
[ATLAS 2026-05-14T04:34:16.897537800Z] GET /api/history/VOY-IX-KEPLER442 — querying HERMES chain
[ATLAS 2026-05-14T04:34:16.898537700Z] HERMES history response received (950 chars)
